Confusion matrix for the test data:
row is the truth, column is the system output

      $ SYM JJR VBN comma RBR PDT MD VBZ # -RRB- POS '' IN . WDT JJ VBD CC WRB : RBS DT VBP NNP CD FW WP VB UH JJS `` NNPS RB -LRB- PRP$ WP$ TO VBG NNS LS NN EX RP PRP
$          1144 0 0 0 0 0 0 0 0 0 0 0 0 0 0 0 0 0 0 0 0 0 0 0 0 0 0 0 0 0 0 0 0 0 0 0 0 0 0 0 0 0 0 0 0
SYM        0 1 0 0 0 0 0 0 0 0 0 0 0 0 0 0 2 0 0 0 0 0 0 0 0 0 0 0 0 0 0 0 0 0 0 0 0 0 0 0 0 1 0 0 0
JJR        0 0 370 2 0 48 0 0 0 0 0 0 0 0 0 0 7 0 0 0 0 0 0 1 4 0 0 0 1 0 0 0 0 3 0 0 0 0 0 1 0 8 0 0 0
VBN        0 0 0 2490 0 0 0 0 0 0 0 0 0 0 0 0 119 146 0 0 0 0 0 3 14 0 0 0 8 0 0 0 0 2 0 0 0 0 1 5 0 37 0 0 0
comma      0 0 0 0 7086 0 0 0 0 0 0 0 0 0 0 0 0 0 0 0 0 0 0 0 0 0 0 0 0 0 0 0 0 0 0 0 0 0 0 0 0 1 0 0 0
RBR        0 0 78 0 0 137 0 0 0 0 0 0 0 0 0 0 1 0 0 0 0 0 0 0 0 0 0 0 1 0 0 0 0 8 0 0 0 0 0 0 0 4 0 0 0
PDT        0 0 0 0 0 0 39 0 0 0 0 0 0 0 0 0 8 0 0 0 0 0 14 0 0 0 0 0 0 0 0 0 0 2 0 0 0 0 0 0 0 1 0 0 0
MD         0 0 0 0 0 0 0 1290 0 0 0 0 0 1 0 0 0 0 0 0 0 0 0 0 1 0 0 0 0 0 0 0 0 0 0 0 0 0 0 0 0 1 0 0 0
VBZ        0 0 0 1 0 0 0 0 2708 0 0 8 0 1 0 0 1 8 0 0 0 0 0 3 13 0 0 0 0 0 0 0 0 0 0 0 0 0 0 58 0 14 0 0 0
#          0 0 0 0 0 0 0 0 0 31 0 0 0 0 0 0 0 0 0 0 0 0 0 0 0 0 0 0 0 0 0 0 0 0 0 0 0 0 0 0 0 0 0 0 0
-RRB-      0 0 0 0 0 0 0 0 0 0 181 0 0 0 0 0 0 0 0 0 0 0 0 0 0 0 0 0 0 0 0 0 0 0 0 0 0 0 0 0 0 0 0 0 0
POS        0 0 0 0 0 0 0 0 4 0 0 1237 0 0 0 0 0 0 0 0 0 0 0 0 0 0 0 0 0 0 0 0 0 0 0 0 0 0 0 0 0 0 0 0 0
''         0 0 0 0 0 0 0 0 0 0 0 1 990 0 0 0 0 0 0 0 0 0 0 0 0 0 0 0 0 0 0 0 0 0 0 0 0 0 0 0 0 0 0 0 0
IN         0 0 0 0 0 0 0 0 0 0 0 0 0 13400 0 24 10 0 3 0 0 0 17 0 7 0 0 0 2 0 0 0 0 152 0 0 0 0 0 1 0 3 0 32 0
.          0 0 0 0 0 0 0 0 0 0 0 0 0 0 5467 0 0 0 0 0 0 0 0 0 1 0 0 0 0 0 0 0 0 0 0 0 0 0 0 0 0 0 0 0 0
WDT        0 0 0 0 0 0 0 0 0 0 0 0 0 15 0 523 0 0 0 0 0 0 4 0 0 0 0 2 1 0 0 0 0 0 0 0 0 0 0 0 0 0 0 0 0
JJ         0 0 1 131 0 0 3 0 3 0 0 0 0 4 0 0 7389 9 0 0 0 0 1 8 119 1 0 0 17 0 0 0 0 64 0 0 0 0 43 8 0 292 0 0 1
VBD        0 0 0 101 0 0 0 1 3 0 0 0 0 0 0 0 13 4440 0 0 0 0 0 14 19 0 0 0 8 0 0 0 0 3 0 0 0 0 0 6 0 13 0 0 0
CC         0 0 1 0 0 0 0 0 0 0 0 0 0 1 0 0 0 1 3355 0 0 0 7 0 2 0 1 0 1 0 0 0 0 8 0 0 0 0 0 1 0 2 0 0 0
WRB        0 0 0 0 0 0 0 0 0 0 0 0 0 0 0 0 0 0 0 268 0 0 0 0 1 0 0 1 0 0 0 0 0 0 0 0 0 0 0 0 0 0 0 0 0
:          0 0 0 0 0 0 0 0 0 0 0 0 3 0 0 0 0 0 0 0 636 0 0 0 0 0 0 0 0 0 0 0 0 0 0 0 0 0 0 0 0 0 0 0 0
RBS        0 0 0 0 0 0 0 0 0 0 0 0 0 0 0 0 0 0 0 0 0 39 0 0 1 0 0 0 0 0 10 0 0 1 0 0 0 0 0 0 0 0 0 0 0
DT         0 0 0 0 0 0 2 0 0 0 0 0 0 49 0 9 1 1 2 0 0 0 11147 0 6 0 0 0 0 0 0 0 0 4 0 0 0 0 0 0 0 9 0 0 0
VBP        0 0 0 3 0 0 0 0 1 0 0 0 0 1 0 0 8 9 0 0 0 0 0 1376 11 0 0 0 35 0 0 0 0 3 0 0 0 0 1 1 0 37 0 0 0
NNP        0 0 0 5 0 0 0 0 3 0 0 0 0 2 0 0 109 1 0 0 0 0 7 2 12732 6 0 0 13 0 0 0 98 3 0 0 0 0 15 52 0 134 0 0 1
CD         0 0 0 3 0 0 0 0 0 0 0 0 0 0 0 0 25 0 0 0 0 0 0 0 18 5141 0 0 2 0 0 0 0 0 0 0 0 0 0 9 0 25 0 0 0
FW         0 0 0 0 0 0 0 0 0 0 0 0 0 5 0 0 0 0 0 0 0 0 0 0 0 0 3 0 0 0 0 0 0 0 0 0 0 0 0 0 0 6 0 0 0
WP         0 0 0 0 0 0 0 0 0 0 0 0 0 0 0 1 0 0 0 0 0 0 0 0 0 0 0 318 0 0 0 0 0 0 0 0 0 0 0 0 0 0 0 0 0
VB         0 0 1 9 0 0 0 0 1 0 0 0 0 1 0 1 18 20 0 0 0 0 0 47 15 0 0 0 3342 0 0 0 0 1 0 0 0 0 2 1 0 44 0 0 0
UH         0 0 0 0 0 0 0 0 0 0 0 0 0 0 0 0 0 0 0 0 0 0 1 0 0 0 0 0 0 3 0 0 0 3 0 0 0 0 0 6 0 0 0 0 0
JJS        0 0 0 1 0 0 0 0 0 0 0 0 0 0 0 0 5 0 0 0 0 13 0 0 1 0 0 0 0 0 241 0 0 0 0 0 0 0 0 0 0 1 0 0 0
``         0 0 0 0 0 0 0 0 0 0 0 0 0 0 0 0 0 0 0 0 0 0 0 0 0 0 0 0 0 0 0 1022 0 0 0 0 0 0 0 0 0 0 0 0 0
NNPS       0 0 0 0 0 0 0 0 1 0 0 0 0 0 0 0 3 0 0 0 0 0 0 0 157 0 0 0 0 0 0 0 194 0 0 0 0 0 0 53 0 4 0 0 0
RB         0 0 5 1 0 29 0 0 2 0 0 0 0 119 0 0 89 3 2 0 0 0 15 0 18 0 0 0 7 1 1 0 0 3782 0 0 0 0 0 4 0 48 4 41 0
-LRB-      0 0 0 0 0 0 0 0 0 0 0 0 0 0 0 0 0 0 0 0 0 0 0 0 0 0 0 0 0 0 0 0 0 0 181 0 0 0 0 0 0 0 0 0 0
PRP$       0 0 0 0 0 0 0 0 0 0 0 0 0 0 0 0 0 0 0 0 0 0 0 0 1 0 0 0 0 0 0 0 0 0 0 1183 0 0 0 0 0 0 0 0 0
WP$        0 0 0 0 0 0 0 0 0 0 0 0 0 0 0 0 0 0 0 0 0 0 0 0 0 0 0 0 0 0 0 0 0 0 0 0 16 0 0 0 0 0 0 0 0
TO         0 0 0 0 0 0 0 0 0 0 0 0 0 0 0 0 0 0 0 0 0 0 0 0 0 0 0 0 0 0 0 0 0 0 0 0 0 3074 0 0 0 0 0 0 0
VBG        0 0 0 1 0 0 0 0 0 0 0 0 0 0 0 0 26 7 0 0 0 0 0 1 11 0 0 0 10 0 0 0 0 0 0 0 0 0 1770 3 0 127 0 0 0
NNS        0 0 0 7 0 0 0 0 38 0 0 0 0 0 0 0 25 3 0 0 0 0 0 0 42 8 0 0 6 0 0 0 12 1 0 0 0 0 1 7855 0 45 0 0 0
LS         0 0 0 0 0 0 0 0 0 0 0 0 0 0 0 0 0 0 0 0 0 0 0 0 0 2 0 0 0 0 0 0 0 0 0 0 0 0 0 0 0 0 0 0 0
NN         0 0 1 8 0 0 0 3 3 0 0 0 0 1 0 0 388 2 0 0 0 0 1 10 263 18 1 0 31 0 0 0 0 12 0 0 0 0 84 35 0 17665 0 1 11
EX         0 0 0 0 0 0 0 0 0 0 0 0 0 0 0 0 0 0 0 0 0 0 0 0 0 0 0 0 0 0 0 0 0 0 0 0 0 0 0 0 0 0 118 0 0
RP         0 0 0 0 0 0 0 0 0 0 0 0 0 53 0 0 2 1 0 0 0 0 0 0 0 0 0 0 0 0 0 0 0 28 0 0 0 0 0 0 0 0 0 279 0
PRP        0 0 0 0 0 0 0 0 0 0 0 2 0 0 0 0 1 0 0 0 0 0 0 0 6 8 0 0 2 0 0 0 0 0 0 5 0 0 0 0 0 2 0 0 2360

test accuracy=0.96399


